|     root|  star|grism|          X_0_ORD|          Y_0_ORD|order|9071_pos|9071_notes|9535_pos|9535_notes|10832_pos|10832_notes|12821_pos|12821_notes|16113_pos|16113_notes|16411_pos|16411_notes|
|     char|  char| char|           double|           double| long|  double|      char|  double|      char|   double|       char|   double|       char|   double|       char|   double|       char|
|         |      |     |                 |                 |     |        |          |        |          |         |           |         |           |         |           |         |           |
|     null|  null| null|             null|             null| null|    null|      null|    null|      null|     null|       null|     null|       null|     null|       null|     null|       null|
 ich901adq IC5117  G102 91.77751120679817 554.4974003841537    -1   -1.000              -1.000               -1.000                -1.000                -1.000                -1.000             
 ich901adq IC5117  G102 91.77751120679817 554.4974003841537     1  453.639       good  471.867       good   524.490  good (ima)    -1.000                -1.000                -1.000             
 ich901adq IC5117  G102 91.77751120679817 554.4974003841537     2  813.538       good  852.016       good   956.433        good    -1.000                -1.000                -1.000             
 ich901aeq IC5117  G102 88.80162904543613 557.7926402056205    -1   -1.000              -1.000               -1.000                -1.000                -1.000                -1.000             
 ich901aeq IC5117  G102 88.80162904543613 557.7926402056205     1  449.475       good  467.734       good   520.911  good (ima)    -1.000                -1.000                -1.000             
 ich901aeq IC5117  G102 88.80162904543613 557.7926402056205     2  810.301       good  847.970       good   952.485        good    -1.000                -1.000                -1.000             
 ich901afq IC5117  G102 85.80426938959383 560.9626811559198    -1   -1.000              -1.000               -1.000                -1.000                -1.000                -1.000             
 ich901afq IC5117  G102 85.80426938959383 560.9626811559198     1  446.019       good  465.166       good   517.378  good (ima)    -1.000                -1.000                -1.000             
 ich901afq IC5117  G102 85.80426938959383 560.9626811559198     2  806.761       good  843.922       good   948.896        good    -1.000                -1.000                -1.000             
 ich901agq IC5117  G102 84.59492162069738 562.0891402034696    -1   -1.000              -1.000               -1.000                -1.000                -1.000                -1.000             
 ich901agq IC5117  G102 84.59492162069738 562.0891402034696     1  443.682       good  462.800       good   515.491  good (ima)    -1.000                -1.000                -1.000             
 ich901agq IC5117  G102 84.59492162069738 562.0891402034696     2  804.439       good  842.441       good   947.376        good    -1.000                -1.000                -1.000             
 ich901amq IC5117  G102 97.65362932376695 920.3781184714711    -1   -1.000              -1.000               -1.000                -1.000                -1.000                -1.000             
 ich901amq IC5117  G102 97.65362932376695 920.3781184714711     1  452.040       good  469.723       good   521.502  good (ima)    -1.000                -1.000                -1.000             
 ich901amq IC5117  G102 97.65362932376695 920.3781184714711     2  804.521       good  841.981       good   944.481        good    -1.000                -1.000                -1.000             
 ich901aqq IC5117  G102  85.0722674586709 179.1050605714469    -1   -1.000              -1.000               -1.000                -1.000                -1.000                -1.000             
 ich901aqq IC5117  G102  85.0722674586709 179.1050605714469     1  454.443       good  474.119       good   527.451  good (ima)    -1.000                -1.000                -1.000             
 ich901aqq IC5117  G102  85.0722674586709 179.1050605714469     2  823.786       good  861.841       good   969.396        good    -1.000                -1.000                -1.000             
 ich902cfq IC5117  G141 156.2503151210101 558.7756150969553    -1   -1.000              -1.000               -1.000                -1.000                -1.000                -1.000             
 ich902cfq IC5117  G141 156.2503151210101 558.7756150969553     1   -1.000              -1.000              384.359  good (ima)   427.479        good   497.000         bad   503.000         bad 
 ich902cfq IC5117  G141 156.2503151210101 558.7756150969553     2   -1.000              -1.000              611.949        good   695.712        good    -1.000                -1.000             
 ich902chq IC5117  G141 153.0751592379008 562.0863330206545    -1   -1.000              -1.000               -1.000                -1.000                -1.000                -1.000             
 ich902chq IC5117  G141 153.0751592379008 562.0863330206545     1   -1.000              -1.000              380.436  good (ima)   423.065        good   493.000         bad   500.000    rejected 
 ich902chq IC5117  G141 153.0751592379008 562.0863330206545     2   -1.000              -1.000              608.422        good   692.475        good    -1.000                -1.000             
 ich902ciq IC5117  G141 149.9563806296373 565.1604332518189    -1   -1.000              -1.000               -1.000                -1.000                -1.000                -1.000             
 ich902ciq IC5117  G141 149.9563806296373 565.1604332518189     1   -1.000              -1.000              376.558  good (ima)   418.816        good   490.000         bad   496.000    rejected 
 ich902ciq IC5117  G141 149.9563806296373 565.1604332518189     2   -1.000              -1.000              604.464        good   689.062        good    -1.000                -1.000             
 ich902cjq IC5117  G141 148.7574579784437 566.2052876120605    -1   -1.000              -1.000               -1.000                -1.000                -1.000                -1.000             
 ich902cjq IC5117  G141 148.7574579784437 566.2052876120605     1   -1.000              -1.000              375.366  good (ima)   418.202        good   489.000         bad   495.000    rejected 
 ich902cjq IC5117  G141 148.7574579784437 566.2052876120605     2   -1.000              -1.000              602.970        good   686.883        good    -1.000                -1.000             
 ich902coq IC5117  G141 160.9757774263678 924.1878703851407    -1   -1.000              -1.000               -1.000                -1.000                -1.000                -1.000             
 ich902coq IC5117  G141 160.9757774263678 924.1878703851407     1   -1.000              -1.000              384.378  good (ima)   426.205        good   494.000         bad   500.000         bad 
 ich902coq IC5117  G141 160.9757774263678 924.1878703851407     2   -1.000              -1.000              607.401        good   690.140        good    -1.000                -1.000             
 ich902csq IC5117  G141 150.9054113862695 183.3792087535579    -1   -1.000              -1.000               -1.000                -1.000                -1.000                -1.000             
 ich902csq IC5117  G141 150.9054113862695 183.3792087535579     1   -1.000              -1.000              383.534  good (ima)   426.516        good   499.000         bad   506.000    rejected 
 ich902csq IC5117  G141 150.9054113862695 183.3792087535579     2   -1.000              -1.000              616.537        good   702.586        good    -1.000                -1.000             
